<?xml version="1.0" encoding="UTF-8"?>
<!-- Generated by org.testng.reporters.JUnitReportReporter -->
<testsuite hostname="DESKTOP-P281594" name="testcases.Verification" tests="3" failures="0" timestamp="4 May 2017 22:23:34 GMT" time="16.914" errors="0">
  <testcase name="HomePage" time="11.500" classname="testcases.Verification"/>
  <testcase name="VerifyPageTitle" time="4.811" classname="testcases.Verification"/>
  <testcase name="Buttonverification" time="0.603" classname="testcases.Verification"/>
</testsuite> <!-- testcases.Verification -->
