<?xml version="1.0" encoding="UTF-8"?>
<!-- Generated by org.testng.reporters.JUnitReportReporter -->
<testsuite skipped="0" hostname="DESKTOP-P281594" name="testcases.Verification" tests="3" failures="0" timestamp="04 May 2017 21:48:37 GMT" time="15.963" errors="0">
  <testcase name="VerifyPageTitle" time="4.944" classname="testcases.Verification"/>
  <testcase name="HomePage" time="10.922" classname="testcases.Verification"/>
  <testcase name="Buttonverification" time="0.097" classname="testcases.Verification"/>
</testsuite> <!-- testcases.Verification -->
