<?xml version="1.0" encoding="UTF-8"?>
<!-- Generated by org.testng.reporters.JUnitReportReporter -->
<testsuite skipped="0" hostname="Akash" name="MavenProject.Dummy" tests="1" failures="0" timestamp="26 Apr 2017 20:14:50 GMT" time="0.041" errors="0">
  <testcase name="Hello" time="0.041" classname="MavenProject.Dummy"/>
</testsuite> <!-- MavenProject.Dummy -->
