<?xml version="1.0" encoding="UTF-8"?>
<!-- Generated by org.testng.reporters.JUnitReportReporter -->
<testsuite skipped="0" hostname="DESKTOP-P281594" name="testcases.VerifyLogonPage" tests="1" failures="0" timestamp="04 May 2017 15:44:00 GMT" time="25.830" errors="0">
  <testcase name="HomePage" time="25.830" classname="testcases.VerifyLogonPage"/>
</testsuite> <!-- testcases.VerifyLogonPage -->
